2023-02-27 21:52:19,017 [Worker-5: Loading available Gradle versions] INFO  o.e.b.c.i.u.g.PublishedGradleVersions - Gradle version information cache is up-to-date. Trying to read.
2023-02-27 22:18:53,030 [Worker-13: Maven プロジェクト構成の更新] INFO  o.e.m.c.i.p.ProjectConfigurationManager - Update started
2023-02-27 22:18:54,796 [Worker-13: Maven プロジェクト構成の更新] INFO  o.e.m.c.i.l.LifecycleMappingFactory - Using org.eclipse.m2e.jdt.JarLifecycleMapping lifecycle mapping for MavenProject: com:householdaccountbook:0.0.1-SNAPSHOT @ C:\Users\m-shi\git\app\householdaccountbook\pom.xml.
2023-02-27 22:18:56,461 [Worker-13: Maven プロジェクト構成の更新] INFO  o.e.m.j.i.AbstractJavaProjectConfigurator - Adding source folder /householdaccountbook/src/main/java
2023-02-27 22:18:56,463 [Worker-13: Maven プロジェクト構成の更新] INFO  o.e.m.j.i.AbstractJavaProjectConfigurator - Adding resource folder /householdaccountbook/src/main/resources
2023-02-27 22:18:56,489 [Worker-13: Maven プロジェクト構成の更新] INFO  o.e.m.j.i.AbstractJavaProjectConfigurator - Adding resource folder /householdaccountbook/src/main/resources
2023-02-27 22:18:56,505 [Worker-13: Maven プロジェクト構成の更新] INFO  o.e.m.j.i.AbstractJavaProjectConfigurator - Adding source folder /householdaccountbook/src/test/java
2023-02-27 22:18:59,485 [Worker-9: ビルド] INFO  o.a.m.s.f.DefaultMavenResourcesFiltering - Copying 1 resource
2023-02-27 22:18:59,505 [Worker-9: ビルド] INFO  o.a.m.s.f.DefaultMavenResourcesFiltering - Copying 0 resource
2023-02-27 22:18:59,509 [Worker-9: ビルド] INFO  o.a.m.s.f.DefaultMavenResourcesFiltering - skip non existing resourceDirectory C:\Users\m-shi\git\app\householdaccountbook\src\test\resources
2023-02-27 22:19:00,880 [Worker-18: ビルド] INFO  o.a.m.s.f.DefaultMavenResourcesFiltering - Copying 0 resource
2023-02-27 22:19:00,881 [Worker-18: ビルド] INFO  o.a.m.s.f.DefaultMavenResourcesFiltering - Copying 0 resource
2023-02-27 22:19:00,884 [Worker-18: ビルド] INFO  o.a.m.s.f.DefaultMavenResourcesFiltering - skip non existing resourceDirectory C:\Users\m-shi\git\app\householdaccountbook\src\test\resources
2023-02-27 22:19:00,941 [Worker-13: Maven プロジェクト構成の更新] INFO  o.e.m.c.i.p.ProjectConfigurationManager - Update completed: 7 sec
2023-02-27 22:19:02,025 [Worker-14: ビルド] INFO  o.a.m.s.f.DefaultMavenResourcesFiltering - Copying 0 resource
2023-02-27 22:19:02,026 [Worker-14: ビルド] INFO  o.a.m.s.f.DefaultMavenResourcesFiltering - Copying 0 resource
2023-02-27 22:19:02,032 [Worker-14: ビルド] INFO  o.a.m.s.f.DefaultMavenResourcesFiltering - skip non existing resourceDirectory C:\Users\m-shi\git\app\householdaccountbook\src\test\resources
2023-02-27 22:21:51,411 [Worker-9: ビルド] INFO  o.a.m.s.f.DefaultMavenResourcesFiltering - Copying 1 resource
2023-02-27 22:21:51,427 [Worker-9: ビルド] INFO  o.a.m.s.f.DefaultMavenResourcesFiltering - Copying 0 resource
2023-02-27 22:21:51,435 [Worker-9: ビルド] INFO  o.a.m.s.f.DefaultMavenResourcesFiltering - skip non existing resourceDirectory C:\Users\m-shi\git\app\householdaccountbook\src\test\resources
2023-02-27 22:30:08,301 [Worker-19: ビルド] INFO  o.a.m.s.f.DefaultMavenResourcesFiltering - Copying 1 resource
2023-02-27 22:30:08,474 [Worker-19: ビルド] INFO  o.a.m.s.f.DefaultMavenResourcesFiltering - Copying 0 resource
2023-02-27 22:30:08,485 [Worker-19: ビルド] INFO  o.a.m.s.f.DefaultMavenResourcesFiltering - skip non existing resourceDirectory C:\Users\m-shi\git\app\householdaccountbook\src\test\resources
2023-02-27 22:37:29,372 [Worker-13: ビルド] INFO  o.a.m.s.f.DefaultMavenResourcesFiltering - Copying 1 resource
2023-02-27 22:37:29,384 [Worker-13: ビルド] INFO  o.a.m.s.f.DefaultMavenResourcesFiltering - Copying 0 resource
2023-02-27 22:37:29,394 [Worker-13: ビルド] INFO  o.a.m.s.f.DefaultMavenResourcesFiltering - skip non existing resourceDirectory C:\Users\m-shi\git\app\householdaccountbook\src\test\resources
2023-02-27 22:43:52,247 [Worker-3: Loading available Gradle versions] INFO  o.e.b.c.i.u.g.PublishedGradleVersions - Gradle version information cache is up-to-date. Trying to read.
2023-02-28 18:25:23,145 [Worker-7: Loading available Gradle versions] INFO  o.e.b.c.i.u.g.PublishedGradleVersions - Gradle version information cache is out-of-date. Trying to update.
2023-02-28 18:29:30,694 [Worker-22: ビルド] INFO  o.a.m.s.f.DefaultMavenResourcesFiltering - Copying 1 resource
2023-02-28 18:29:30,730 [Worker-22: ビルド] INFO  o.a.m.s.f.DefaultMavenResourcesFiltering - Copying 0 resource
2023-02-28 18:29:30,737 [Worker-22: ビルド] INFO  o.a.m.s.f.DefaultMavenResourcesFiltering - skip non existing resourceDirectory C:\Users\m-shi\git\app\householdaccountbook\src\test\resources
2023-02-28 18:29:34,741 [Worker-22: ビルド] INFO  o.e.m.c.i.l.LifecycleMappingFactory - Using org.eclipse.m2e.jdt.JarLifecycleMapping lifecycle mapping for MavenProject: com:householdaccountbook:0.0.1-SNAPSHOT @ C:\pleiades\2022-09\workspace\householdaccountbook\householdaccountbookApp\pom.xml.
2023-02-28 18:29:35,974 [Worker-22: ビルド] INFO  o.a.m.s.f.DefaultMavenResourcesFiltering - Copying 1 resource
2023-02-28 18:29:35,978 [Worker-22: ビルド] INFO  o.a.m.s.f.DefaultMavenResourcesFiltering - Copying 0 resource
2023-02-28 18:29:35,987 [Worker-22: ビルド] INFO  o.a.m.s.f.DefaultMavenResourcesFiltering - skip non existing resourceDirectory C:\pleiades\2022-09\workspace\householdaccountbook\householdaccountbookApp\src\test\resources
2023-02-28 18:29:37,487 [Worker-6: ビルド] INFO  o.a.m.s.f.DefaultMavenResourcesFiltering - Copying 1 resource
2023-02-28 18:29:37,492 [Worker-6: ビルド] INFO  o.a.m.s.f.DefaultMavenResourcesFiltering - Copying 0 resource
2023-02-28 18:29:37,499 [Worker-6: ビルド] INFO  o.a.m.s.f.DefaultMavenResourcesFiltering - skip non existing resourceDirectory C:\pleiades\2022-09\workspace\householdaccountbook\householdaccountbookApp\src\test\resources
2023-02-28 18:30:23,756 [Worker-22: ビルド] INFO  o.a.m.s.f.DefaultMavenResourcesFiltering - Copying 0 resource
2023-02-28 18:30:23,759 [Worker-22: ビルド] INFO  o.a.m.s.f.DefaultMavenResourcesFiltering - Copying 0 resource
2023-02-28 18:30:23,764 [Worker-22: ビルド] INFO  o.a.m.s.f.DefaultMavenResourcesFiltering - skip non existing resourceDirectory C:\pleiades\2022-09\workspace\householdaccountbook\householdaccountbookApp\src\test\resources
2023-02-28 18:30:25,130 [Worker-24: ビルド] INFO  o.a.m.s.f.DefaultMavenResourcesFiltering - Copying 0 resource
2023-02-28 18:30:25,131 [Worker-24: ビルド] INFO  o.a.m.s.f.DefaultMavenResourcesFiltering - Copying 0 resource
2023-02-28 18:30:25,137 [Worker-24: ビルド] INFO  o.a.m.s.f.DefaultMavenResourcesFiltering - skip non existing resourceDirectory C:\pleiades\2022-09\workspace\householdaccountbook\householdaccountbookApp\src\test\resources
2023-02-28 18:30:30,761 [Worker-21: ビルド] INFO  o.a.m.s.f.DefaultMavenResourcesFiltering - Copying 0 resource
2023-02-28 18:30:30,763 [Worker-21: ビルド] INFO  o.a.m.s.f.DefaultMavenResourcesFiltering - Copying 0 resource
2023-02-28 18:30:30,771 [Worker-21: ビルド] INFO  o.a.m.s.f.DefaultMavenResourcesFiltering - skip non existing resourceDirectory C:\pleiades\2022-09\workspace\householdaccountbook\householdaccountbookApp\src\test\resources
2023-02-28 18:31:55,714 [Worker-21: ビルド] INFO  o.a.m.s.f.DefaultMavenResourcesFiltering - Copying 0 resource
2023-02-28 18:31:55,714 [Worker-21: ビルド] INFO  o.a.m.s.f.DefaultMavenResourcesFiltering - Copying 0 resource
2023-02-28 18:31:55,721 [Worker-21: ビルド] INFO  o.a.m.s.f.DefaultMavenResourcesFiltering - skip non existing resourceDirectory C:\pleiades\2022-09\workspace\householdaccountbook\householdaccountbookApp\src\test\resources
2023-02-28 18:32:01,025 [Worker-23: ビルド] INFO  o.a.m.s.f.DefaultMavenResourcesFiltering - Copying 0 resource
2023-02-28 18:32:01,026 [Worker-23: ビルド] INFO  o.a.m.s.f.DefaultMavenResourcesFiltering - Copying 0 resource
2023-02-28 18:32:01,038 [Worker-23: ビルド] INFO  o.a.m.s.f.DefaultMavenResourcesFiltering - skip non existing resourceDirectory C:\pleiades\2022-09\workspace\householdaccountbook\householdaccountbookApp\src\test\resources
2023-02-28 18:39:37,133 [Worker-4: Loading available Gradle versions] INFO  o.e.b.c.i.u.g.PublishedGradleVersions - Gradle version information cache is up-to-date. Trying to read.
2023-02-28 18:48:38,404 [Worker-14: Fetching remote refs from masakiShito@github.com:masakiShito/-HouseholdAccountBook.git] INFO  o.a.s.c.u.s.e.EdDSASecurityProviderRegistrar - getOrCreateProvider(EdDSA) created instance of net.i2p.crypto.eddsa.EdDSASecurityProvider
2023-02-28 18:48:38,702 [Worker-14: Fetching remote refs from masakiShito@github.com:masakiShito/-HouseholdAccountBook.git] INFO  o.a.s.c.i.DefaultIoServiceFactoryFactory - No detected/configured IoServiceFactoryFactory; using Nio2ServiceFactoryFactory
2023-02-28 19:02:13,887 [Worker-9: ビルド] INFO  o.a.m.s.f.DefaultMavenResourcesFiltering - Copying 1 resource
2023-02-28 19:02:13,913 [Worker-9: ビルド] INFO  o.a.m.s.f.DefaultMavenResourcesFiltering - Copying 0 resource
2023-02-28 19:02:13,928 [Worker-9: ビルド] INFO  o.a.m.s.f.DefaultMavenResourcesFiltering - skip non existing resourceDirectory C:\pleiades\2022-09\workspace\householdaccountbook\householdaccountbookApp\src\test\resources
2023-02-28 19:02:35,577 [Worker-17: ビルド] INFO  o.a.m.s.f.DefaultMavenResourcesFiltering - Copying 0 resource
2023-02-28 19:02:35,578 [Worker-17: ビルド] INFO  o.a.m.s.f.DefaultMavenResourcesFiltering - Copying 0 resource
2023-02-28 19:02:35,583 [Worker-17: ビルド] INFO  o.a.m.s.f.DefaultMavenResourcesFiltering - skip non existing resourceDirectory C:\pleiades\2022-09\workspace\householdaccountbook\householdaccountbookApp\src\test\resources
2023-02-28 19:02:55,481 [Worker-15: ビルド] INFO  o.a.m.s.f.DefaultMavenResourcesFiltering - Copying 0 resource
2023-02-28 19:02:55,482 [Worker-15: ビルド] INFO  o.a.m.s.f.DefaultMavenResourcesFiltering - Copying 0 resource
2023-02-28 19:02:55,488 [Worker-15: ビルド] INFO  o.a.m.s.f.DefaultMavenResourcesFiltering - skip non existing resourceDirectory C:\pleiades\2022-09\workspace\householdaccountbook\householdaccountbookApp\src\test\resources
2023-02-28 19:05:02,531 [Worker-6: Loading available Gradle versions] INFO  o.e.b.c.i.u.g.PublishedGradleVersions - Gradle version information cache is up-to-date. Trying to read.
2023-02-28 19:06:07,674 [Worker-8: Remove Repositories] WARN  org.eclipse.jgit.lib.Repository - close() called when useCnt is already zero for Repository[C:\pleiades\2022-09\workspace\householdaccountbook\householdaccountbookApp\.git]
2023-02-28 19:06:15,053 [Worker-4: Remove Repositories] WARN  org.eclipse.jgit.lib.Repository - close() called when useCnt is already zero for Repository[C:\Users\m-shi\git\app\.git]
2023-02-28 19:23:07,425 [Worker-11: Git Repository Change Scanner] WARN  org.eclipse.jgit.lib.Repository - close() called when useCnt is already zero for Repository[C:\GitHub\.git]
